<?xml version="1.0" encoding="UTF-8"?>
<!-- Generated by org.testng.reporters.JUnitXMLReporter -->
<testsuite ignored="0" hostname="LP-PF1VPELT" failures="0" tests="4" name="Regression" time="12.015" errors="0" timestamp="11 Mar 2021 07:58:56 GMT">
  <testcase classname="quickstart.tests.DemoTest" name="Test1" time="2.381"/>
  <testcase classname="quickstart.tests.DemoTest" name="Test2" time="2.067"/>
  <testcase classname="quickstart.tests.DemoTest" name="Test3" time="2.515"/>
  <testcase classname="quickstart.tests.DemoTest" name="Test4" time="2.246"/>
</testsuite> <!-- Regression -->
