<?xml version="1.0" encoding="UTF-8" ?>
<testsuite tests="4" failures="0" name="quickstart.tests.DemoTest" time="7.252" errors="0" skipped="0">
  <properties>
[...]
</properties>
  <testcase classname="quickstart.tests.DemoTest" name="Test1" time="2.108"/>
  <testcase classname="quickstart.tests.DemoTest" name="Test2" time="1.496"/>
  <testcase classname="quickstart.tests.DemoTest" name="Test3" time="1.84"/>
  <testcase classname="quickstart.tests.DemoTest" name="Test4" time="1.808"/>
</testsuite>