<?xml version="1.0" encoding="UTF-8"?>
<!-- Generated by org.testng.reporters.JUnitXMLReporter -->
<testsuite ignored="0" hostname="LP-PF1VPELT" failures="0" tests="4" name="Regression" time="13.344" errors="0" timestamp="11 Mar 2021 20:08:22 GMT">
  <testcase classname="quickstart.tests.DemoTest" name="GoogleSearch_Facebook" time="2.624"/>
  <testcase classname="quickstart.tests.DemoTest" name="GoogleSearch_LinkedIn" time="2.527"/>
  <testcase classname="quickstart.tests.DemoTest" name="GoogleSearch_Twitter" time="2.758"/>
  <testcase classname="quickstart.tests.DemoTest" name="GoogleSearch_automationScript" time="2.4"/>
</testsuite> <!-- Regression -->
